# JRE version: Java(TM) SE Runtime Environment (8.0_171-b11) (build 1.8.0_171-b11)
# Java VM: Java HotSpot(TM) 64-Bit Server VM (25.171-b11 mixed mode linux-amd64 compressed oops)
Heap:
 PSYoungGen      total 258560K, used 0K [0x00000000ebf00000, 0x0000000100000000, 0x0000000100000000)
  eden space 188416K, 0% used [0x00000000ebf00000,0x00000000ebf00000,0x00000000f7700000)
  from space 70144K, 0% used [0x00000000f7700000,0x00000000f7700000,0x00000000fbb80000)
  to   space 70144K, 0% used [0x00000000fbb80000,0x00000000fbb80000,0x0000000100000000)
 ParOldGen       total 134144K, used 108642K [0x00000000c3c00000, 0x00000000cbf00000, 0x00000000ebf00000)
  object space 134144K, 80% used [0x00000000c3c00000,0x00000000ca618af0,0x00000000cbf00000)
 Metaspace       used 57283K, capacity 58144K, committed 58416K, reserved 1099776K
  class space    used 6979K, capacity 7205K, committed 7216K, reserved 1048576K
GC Heap History (10 events):
Event: 82,765 GC heap after
Heap after GC invocations=27 (full 4):
 PSYoungGen      total 286208K, used 16072K [0x00000000ebf00000, 0x00000000ffc80000, 0x0000000100000000)
  eden space 245760K, 0% used [0x00000000ebf00000,0x00000000ebf00000,0x00000000faf00000)
  from space 40448K, 39% used [0x00000000faf00000,0x00000000fbeb2150,0x00000000fd680000)
  to   space 38912K, 0% used [0x00000000fd680000,0x00000000fd680000,0x00000000ffc80000)
 ParOldGen       total 134144K, used 42675K [0x00000000c3c00000, 0x00000000cbf00000, 0x00000000ebf00000)
  object space 134144K, 31% used [0x00000000c3c00000,0x00000000c65acd58,0x00000000cbf00000)
 Metaspace       used 54119K, capacity 54892K, committed 54960K, reserved 1097728K
  class space    used 6638K, capacity 6808K, committed 6832K, reserved 1048576K
}
Event: 100,569 GC heap before
{Heap before GC invocations=28 (full 4):
 PSYoungGen      total 286208K, used 261832K [0x00000000ebf00000, 0x00000000ffc80000, 0x0000000100000000)
  eden space 245760K, 100% used [0x00000000ebf00000,0x00000000faf00000,0x00000000faf00000)
  from space 40448K, 39% used [0x00000000faf00000,0x00000000fbeb2150,0x00000000fd680000)
  to   space 38912K, 0% used [0x00000000fd680000,0x00000000fd680000,0x00000000ffc80000)
 ParOldGen       total 134144K, used 42675K [0x00000000c3c00000, 0x00000000cbf00000, 0x00000000ebf00000)
  object space 134144K, 31% used [0x00000000c3c00000,0x00000000c65acd58,0x00000000cbf00000)
 Metaspace       used 57241K, capacity 58168K, committed 58416K, reserved 1099776K
  class space    used 6980K, capacity 7214K, committed 7216K, reserved 1048576K
Event: 100,603 GC heap after
Heap after GC invocations=28 (full 4):
 PSYoungGen      total 285184K, used 27443K [0x00000000ebf00000, 0x0000000100000000, 0x0000000100000000)
  eden space 246272K, 0% used [0x00000000ebf00000,0x00000000ebf00000,0x00000000faf80000)
  from space 38912K, 70% used [0x00000000fd680000,0x00000000ff14cfc8,0x00000000ffc80000)
  to   space 39936K, 0% used [0x00000000faf80000,0x00000000faf80000,0x00000000fd680000)
 ParOldGen       total 134144K, used 42683K [0x00000000c3c00000, 0x00000000cbf00000, 0x00000000ebf00000)
  object space 134144K, 31% used [0x00000000c3c00000,0x00000000c65aed58,0x00000000cbf00000)
 Metaspace       used 57241K, capacity 58168K, committed 58416K, reserved 1099776K
  class space    used 6980K, capacity 7214K, committed 7216K, reserved 1048576K
}
Event: 101,771 GC heap before
{Heap before GC invocations=29 (full 4):
 PSYoungGen      total 285184K, used 273715K [0x00000000ebf00000, 0x0000000100000000, 0x0000000100000000)
  eden space 246272K, 100% used [0x00000000ebf00000,0x00000000faf80000,0x00000000faf80000)
  from space 38912K, 70% used [0x00000000fd680000,0x00000000ff14cfc8,0x00000000ffc80000)
  to   space 39936K, 0% used [0x00000000faf80000,0x00000000faf80000,0x00000000fd680000)
 ParOldGen       total 134144K, used 42683K [0x00000000c3c00000, 0x00000000cbf00000, 0x00000000ebf00000)
  object space 134144K, 31% used [0x00000000c3c00000,0x00000000c65aed58,0x00000000cbf00000)
 Metaspace       used 57285K, capacity 58174K, committed 58416K, reserved 1099776K
  class space    used 6981K, capacity 7215K, committed 7216K, reserved 1048576K
Event: 101,829 GC heap after
Heap after GC invocations=29 (full 4):
 PSYoungGen      total 286208K, used 39923K [0x00000000ebf00000, 0x0000000100000000, 0x0000000100000000)
  eden space 246272K, 0% used [0x00000000ebf00000,0x00000000ebf00000,0x00000000faf80000)
  from space 39936K, 99% used [0x00000000faf80000,0x00000000fd67ce40,0x00000000fd680000)
  to   space 42496K, 0% used [0x00000000fd680000,0x00000000fd680000,0x0000000100000000)
 ParOldGen       total 134144K, used 71582K [0x00000000c3c00000, 0x00000000cbf00000, 0x00000000ebf00000)
  object space 134144K, 53% used [0x00000000c3c00000,0x00000000c81e7868,0x00000000cbf00000)
 Metaspace       used 57285K, capacity 58174K, committed 58416K, reserved 1099776K
  class space    used 6981K, capacity 7215K, committed 7216K, reserved 1048576K
}
Event: 104,372 GC heap before
{Heap before GC invocations=30 (full 4):
 PSYoungGen      total 286208K, used 286195K [0x00000000ebf00000, 0x0000000100000000, 0x0000000100000000)
  eden space 246272K, 100% used [0x00000000ebf00000,0x00000000faf80000,0x00000000faf80000)
  from space 39936K, 99% used [0x00000000faf80000,0x00000000fd67ce40,0x00000000fd680000)
  to   space 42496K, 0% used [0x00000000fd680000,0x00000000fd680000,0x0000000100000000)
 ParOldGen       total 134144K, used 71582K [0x00000000c3c00000, 0x00000000cbf00000, 0x00000000ebf00000)
  object space 134144K, 53% used [0x00000000c3c00000,0x00000000c81e7868,0x00000000cbf00000)
 Metaspace       used 57305K, capacity 58174K, committed 58416K, reserved 1099776K
  class space    used 6982K, capacity 7215K, committed 7216K, reserved 1048576K
Event: 104,444 GC heap after
Heap after GC invocations=30 (full 4):
 PSYoungGen      total 230912K, used 42493K [0x00000000ebf00000, 0x0000000100000000, 0x0000000100000000)
  eden space 188416K, 0% used [0x00000000ebf00000,0x00000000ebf00000,0x00000000f7700000)
  from space 42496K, 99% used [0x00000000fd680000,0x00000000fffff758,0x0000000100000000)
  to   space 70144K, 0% used [0x00000000f7700000,0x00000000f7700000,0x00000000fbb80000)
 ParOldGen       total 134144K, used 101359K [0x00000000c3c00000, 0x00000000cbf00000, 0x00000000ebf00000)
  object space 134144K, 75% used [0x00000000c3c00000,0x00000000c9efbfa8,0x00000000cbf00000)
 Metaspace       used 57305K, capacity 58174K, committed 58416K, reserved 1099776K
  class space    used 6982K, capacity 7215K, committed 7216K, reserved 1048576K
}
Event: 108,111 GC heap before
{Heap before GC invocations=31 (full 4):
 PSYoungGen      total 230912K, used 230909K [0x00000000ebf00000, 0x0000000100000000, 0x0000000100000000)
  eden space 188416K, 100% used [0x00000000ebf00000,0x00000000f7700000,0x00000000f7700000)
  from space 42496K, 99% used [0x00000000fd680000,0x00000000fffff758,0x0000000100000000)
  to   space 70144K, 0% used [0x00000000f7700000,0x00000000f7700000,0x00000000fbb80000)
 ParOldGen       total 134144K, used 101359K [0x00000000c3c00000, 0x00000000cbf00000, 0x00000000ebf00000)
  object space 134144K, 75% used [0x00000000c3c00000,0x00000000c9efbfa8,0x00000000cbf00000)
 Metaspace       used 57305K, capacity 58174K, committed 58416K, reserved 1099776K
  class space    used 6982K, capacity 7215K, committed 7216K, reserved 1048576K
Event: 108,193 GC heap after
Heap after GC invocations=31 (full 4):
 PSYoungGen      total 258560K, used 70129K [0x00000000ebf00000, 0x0000000100000000, 0x0000000100000000)
  eden space 188416K, 0% used [0x00000000ebf00000,0x00000000ebf00000,0x00000000f7700000)
  from space 70144K, 99% used [0x00000000f7700000,0x00000000fbb7c760,0x00000000fbb80000)
  to   space 70144K, 0% used [0x00000000fbb80000,0x00000000fbb80000,0x0000000100000000)
 ParOldGen       total 134144K, used 116473K [0x00000000c3c00000, 0x00000000cbf00000, 0x00000000ebf00000)
  object space 134144K, 86% used [0x00000000c3c00000,0x00000000cadbe440,0x00000000cbf00000)
 Metaspace       used 57305K, capacity 58174K, committed 58416K, reserved 1099776K
  class space    used 6982K, capacity 7215K, committed 7216K, reserved 1048576K
}
Event: 108,207 GC heap before
{Heap before GC invocations=32 (full 5):
 PSYoungGen      total 258560K, used 70129K [0x00000000ebf00000, 0x0000000100000000, 0x0000000100000000)
  eden space 188416K, 0% used [0x00000000ebf00000,0x00000000ebf00000,0x00000000f7700000)
  from space 70144K, 99% used [0x00000000f7700000,0x00000000fbb7c760,0x00000000fbb80000)
  to   space 70144K, 0% used [0x00000000fbb80000,0x00000000fbb80000,0x0000000100000000)
 ParOldGen       total 134144K, used 116473K [0x00000000c3c00000, 0x00000000cbf00000, 0x00000000ebf00000)
  object space 134144K, 86% used [0x00000000c3c00000,0x00000000cadbe440,0x00000000cbf00000)
 Metaspace       used 57305K, capacity 58174K, committed 58416K, reserved 1099776K
  class space    used 6982K, capacity 7215K, committed 7216K, reserved 1048576K

