# JRE version: Java(TM) SE Runtime Environment (8.0_171-b11) (build 1.8.0_171-b11)
# Java VM: Java HotSpot(TM) 64-Bit Server VM (25.171-b11 mixed mode linux-amd64 compressed oops)
Heap:
 PSYoungGen      total 385536K, used 100397K [0x00000000e1a00000, 0x0000000100000000, 0x0000000100000000)
  eden space 273408K, 24% used [0x00000000e1a00000,0x00000000e5c62480,0x00000000f2500000)
  from space 112128K, 28% used [0x00000000f2500000,0x00000000f44a9120,0x00000000f9280000)
  to   space 105984K, 0% used [0x00000000f9880000,0x00000000f9880000,0x0000000100000000)
 ParOldGen       total 265216K, used 173839K [0x00000000a4e00000, 0x00000000b5100000, 0x00000000e1a00000)
  object space 265216K, 65% used [0x00000000a4e00000,0x00000000af7c3cc0,0x00000000b5100000)
 Metaspace       used 57613K, capacity 58730K, committed 58968K, reserved 1101824K
  class space    used 6953K, capacity 7198K, committed 7256K, reserved 1048576K
GC Heap History (10 events):
Event: 62,076 GC heap before
{Heap before GC invocations=33 (full 4):
 PSYoungGen      total 409088K, used 342930K [0x00000000e1a00000, 0x00000000ffb00000, 0x0000000100000000)
  eden space 332800K, 100% used [0x00000000e1a00000,0x00000000f5f00000,0x00000000f5f00000)
  from space 76288K, 13% used [0x00000000fb080000,0x00000000fba64be8,0x00000000ffb00000)
  to   space 79872K, 0% used [0x00000000f5f00000,0x00000000f5f00000,0x00000000fad00000)
 ParOldGen       total 265216K, used 137985K [0x00000000a4e00000, 0x00000000b5100000, 0x00000000e1a00000)
  object space 265216K, 52% used [0x00000000a4e00000,0x00000000ad4c04e0,0x00000000b5100000)
 Metaspace       used 56886K, capacity 58026K, committed 58200K, reserved 1099776K
  class space    used 6906K, capacity 7146K, committed 7256K, reserved 1048576K
Event: 62,093 GC heap after
Heap after GC invocations=33 (full 4):
 PSYoungGen      total 412672K, used 7547K [0x00000000e1a00000, 0x0000000100000000, 0x0000000100000000)
  eden space 332800K, 0% used [0x00000000e1a00000,0x00000000e1a00000,0x00000000f5f00000)
  from space 79872K, 9% used [0x00000000f5f00000,0x00000000f665ecc8,0x00000000fad00000)
  to   space 78336K, 0% used [0x00000000fb380000,0x00000000fb380000,0x0000000100000000)
 ParOldGen       total 265216K, used 143153K [0x00000000a4e00000, 0x00000000b5100000, 0x00000000e1a00000)
  object space 265216K, 53% used [0x00000000a4e00000,0x00000000ad9cc510,0x00000000b5100000)
 Metaspace       used 56886K, capacity 58026K, committed 58200K, reserved 1099776K
  class space    used 6906K, capacity 7146K, committed 7256K, reserved 1048576K
}
Event: 65,003 GC heap before
{Heap before GC invocations=34 (full 4):
 PSYoungGen      total 412672K, used 340347K [0x00000000e1a00000, 0x0000000100000000, 0x0000000100000000)
  eden space 332800K, 100% used [0x00000000e1a00000,0x00000000f5f00000,0x00000000f5f00000)
  from space 79872K, 9% used [0x00000000f5f00000,0x00000000f665ecc8,0x00000000fad00000)
  to   space 78336K, 0% used [0x00000000fb380000,0x00000000fb380000,0x0000000100000000)
 ParOldGen       total 265216K, used 143153K [0x00000000a4e00000, 0x00000000b5100000, 0x00000000e1a00000)
  object space 265216K, 53% used [0x00000000a4e00000,0x00000000ad9cc510,0x00000000b5100000)
 Metaspace       used 57441K, capacity 58596K, committed 58712K, reserved 1101824K
  class space    used 6944K, capacity 7197K, committed 7256K, reserved 1048576K
Event: 65,038 GC heap after
Heap after GC invocations=34 (full 4):
 PSYoungGen      total 417280K, used 44015K [0x00000000e1a00000, 0x0000000100000000, 0x0000000100000000)
  eden space 338944K, 0% used [0x00000000e1a00000,0x00000000e1a00000,0x00000000f6500000)
  from space 78336K, 56% used [0x00000000fb380000,0x00000000fde7bdb8,0x0000000100000000)
  to   space 79360K, 0% used [0x00000000f6500000,0x00000000f6500000,0x00000000fb280000)
 ParOldGen       total 265216K, used 143161K [0x00000000a4e00000, 0x00000000b5100000, 0x00000000e1a00000)
  object space 265216K, 53% used [0x00000000a4e00000,0x00000000ad9ce510,0x00000000b5100000)
 Metaspace       used 57441K, capacity 58596K, committed 58712K, reserved 1101824K
  class space    used 6944K, capacity 7197K, committed 7256K, reserved 1048576K
}
Event: 67,370 GC heap before
{Heap before GC invocations=35 (full 4):
 PSYoungGen      total 417280K, used 382959K [0x00000000e1a00000, 0x0000000100000000, 0x0000000100000000)
  eden space 338944K, 100% used [0x00000000e1a00000,0x00000000f6500000,0x00000000f6500000)
  from space 78336K, 56% used [0x00000000fb380000,0x00000000fde7bdb8,0x0000000100000000)
  to   space 79360K, 0% used [0x00000000f6500000,0x00000000f6500000,0x00000000fb280000)
 ParOldGen       total 265216K, used 143161K [0x00000000a4e00000, 0x00000000b5100000, 0x00000000e1a00000)
  object space 265216K, 53% used [0x00000000a4e00000,0x00000000ad9ce510,0x00000000b5100000)
 Metaspace       used 57469K, capacity 58596K, committed 58712K, reserved 1101824K
  class space    used 6945K, capacity 7197K, committed 7256K, reserved 1048576K
Event: 67,470 GC heap after
Heap after GC invocations=35 (full 4):
 PSYoungGen      total 418304K, used 79344K [0x00000000e1a00000, 0x0000000100000000, 0x0000000100000000)
  eden space 338944K, 0% used [0x00000000e1a00000,0x00000000e1a00000,0x00000000f6500000)
  from space 79360K, 99% used [0x00000000f6500000,0x00000000fb27c330,0x00000000fb280000)
  to   space 79360K, 0% used [0x00000000fb280000,0x00000000fb280000,0x0000000100000000)
 ParOldGen       total 265216K, used 143327K [0x00000000a4e00000, 0x00000000b5100000, 0x00000000e1a00000)
  object space 265216K, 54% used [0x00000000a4e00000,0x00000000ad9f7d50,0x00000000b5100000)
 Metaspace       used 57469K, capacity 58596K, committed 58712K, reserved 1101824K
  class space    used 6945K, capacity 7197K, committed 7256K, reserved 1048576K
}
Event: 80,040 GC heap before
{Heap before GC invocations=36 (full 4):
 PSYoungGen      total 418304K, used 418288K [0x00000000e1a00000, 0x0000000100000000, 0x0000000100000000)
  eden space 338944K, 100% used [0x00000000e1a00000,0x00000000f6500000,0x00000000f6500000)
  from space 79360K, 99% used [0x00000000f6500000,0x00000000fb27c330,0x00000000fb280000)
  to   space 79360K, 0% used [0x00000000fb280000,0x00000000fb280000,0x0000000100000000)
 ParOldGen       total 265216K, used 143327K [0x00000000a4e00000, 0x00000000b5100000, 0x00000000e1a00000)
  object space 265216K, 54% used [0x00000000a4e00000,0x00000000ad9f7d50,0x00000000b5100000)
 Metaspace       used 57613K, capacity 58730K, committed 58968K, reserved 1101824K
  class space    used 6953K, capacity 7198K, committed 7256K, reserved 1048576K
Event: 80,241 GC heap after
Heap after GC invocations=36 (full 4):
 PSYoungGen      total 352768K, used 79338K [0x00000000e1a00000, 0x0000000100000000, 0x0000000100000000)
  eden space 273408K, 0% used [0x00000000e1a00000,0x00000000e1a00000,0x00000000f2500000)
  from space 79360K, 99% used [0x00000000fb280000,0x00000000ffffab20,0x0000000100000000)
  to   space 112128K, 0% used [0x00000000f2500000,0x00000000f2500000,0x00000000f9280000)
 ParOldGen       total 265216K, used 163998K [0x00000000a4e00000, 0x00000000b5100000, 0x00000000e1a00000)
  object space 265216K, 61% used [0x00000000a4e00000,0x00000000aee27930,0x00000000b5100000)
 Metaspace       used 57613K, capacity 58730K, committed 58968K, reserved 1101824K
  class space    used 6953K, capacity 7198K, committed 7256K, reserved 1048576K
}
Event: 81,849 GC heap before
{Heap before GC invocations=37 (full 4):
 PSYoungGen      total 352768K, used 352746K [0x00000000e1a00000, 0x0000000100000000, 0x0000000100000000)
  eden space 273408K, 100% used [0x00000000e1a00000,0x00000000f2500000,0x00000000f2500000)
  from space 79360K, 99% used [0x00000000fb280000,0x00000000ffffab20,0x0000000100000000)
  to   space 112128K, 0% used [0x00000000f2500000,0x00000000f2500000,0x00000000f9280000)
 ParOldGen       total 265216K, used 163998K [0x00000000a4e00000, 0x00000000b5100000, 0x00000000e1a00000)
  object space 265216K, 61% used [0x00000000a4e00000,0x00000000aee27930,0x00000000b5100000)
 Metaspace       used 57613K, capacity 58730K, committed 58968K, reserved 1101824K
  class space    used 6953K, capacity 7198K, committed 7256K, reserved 1048576K
Event: 81,975 GC heap after
Heap after GC invocations=37 (full 4):
 PSYoungGen      total 385536K, used 32420K [0x00000000e1a00000, 0x0000000100000000, 0x0000000100000000)
  eden space 273408K, 0% used [0x00000000e1a00000,0x00000000e1a00000,0x00000000f2500000)
  from space 112128K, 28% used [0x00000000f2500000,0x00000000f44a9120,0x00000000f9280000)
  to   space 105984K, 0% used [0x00000000f9880000,0x00000000f9880000,0x0000000100000000)
 ParOldGen       total 265216K, used 173839K [0x00000000a4e00000, 0x00000000b5100000, 0x00000000e1a00000)
  object space 265216K, 65% used [0x00000000a4e00000,0x00000000af7c3cc0,0x00000000b5100000)
 Metaspace       used 57613K, capacity 58730K, committed 58968K, reserved 1101824K
  class space    used 6953K, capacity 7198K, committed 7256K, reserved 1048576K
}

